<?xml version="1.0" encoding="UTF-8" ?>
<testsuite tests="4" failures="0" name="com.yahoo.ycsb.db.CassandraCQLClientTest" time="113.514" errors="0" skipped="0">
  <properties>
[...]
</properties>
  <testcase classname="com.yahoo.ycsb.db.CassandraCQLClientTest" name="testRead" time="10.042"/>
  <testcase classname="com.yahoo.ycsb.db.CassandraCQLClientTest" name="testReadSingleColumn" time="5.022"/>
  <testcase classname="com.yahoo.ycsb.db.CassandraCQLClientTest" name="testReadMissingRow" time="6.819"/>
  <testcase classname="com.yahoo.ycsb.db.CassandraCQLClientTest" name="testUpdate" time="10.127"/>
</testsuite>